{"D:\\Project\\React\\udemy\\demo\\src\\App.js": {"path":"D:\\Project\\React\\udemy\\demo\\src\\App.js","statementMap":{"0":{"start":{"line":5,"column":29},"end":{"line":5,"column":46}},"1":{"start":{"line":7,"column":2},"end":{"line":20,"column":4}},"2":{"start":{"line":15,"column":23},"end":{"line":15,"column":42}}},"fnMap":{"0":{"name":"App","decl":{"start":{"line":4,"column":9},"end":{"line":4,"column":12}},"loc":{"start":{"line":4,"column":15},"end":{"line":21,"column":1}},"line":4},"1":{"name":"(anonymous_1)","decl":{"start":{"line":15,"column":17},"end":{"line":15,"column":18}},"loc":{"start":{"line":15,"column":23},"end":{"line":15,"column":42}},"line":15}},"branchMap":{},"s":{"0":6,"1":6,"2":1},"f":{"0":6,"1":1},"b":{},"_coverageSchema":"1a1c01bbd47fc00a2c39e90264f33305004495a9","hash":"9599d57e4690c8225eb5d8336b6afe5da082acc6"}
}
